<?xml version="1.0" encoding="UTF-8"?>
<!-- Generated by org.testng.reporters.JUnitXMLReporter -->
<testsuite ignored="0" hostname="manish-singh" failures="0" tests="3" name="Default test" time="22.896" errors="0" timestamp="12 Jan 2019 14:14:35 GMT">
  <testcase classname="testNGBasics.TestNgTest" name="googleTitleTest" time="0.024"/>
  <testcase classname="testNGBasics.TestNgTest" name="searchTest" time="0.239"/>
  <testcase classname="testNGBasics.TestNgTest" name="gMailClick" time="2.461"/>
</testsuite> <!-- Default test -->
