<?xml version="1.0" encoding="UTF-8"?>
<!-- Generated by org.testng.reporters.JUnitXMLReporter -->
<testsuite ignored="0" hostname="manish-singh" failures="0" tests="31" name="Default test" time="409.526" errors="0" timestamp="28 Jan 2019 18:57:30 GMT">
  <testcase classname="dataDrivenApproach.DataProvideConcept" name="regTest" time="0.534"/>
  <testcase classname="dataDrivenApproach.DataProvideConcept" name="regTest" time="0.261"/>
  <testcase classname="dataDrivenApproach.DataProvideConcept" name="regTest" time="0.258"/>
  <testcase classname="dataDrivenApproach.DataProvideConcept" name="regTest" time="0.725"/>
  <testcase classname="dataDrivenApproach.DataProvideConcept" name="regTest" time="0.137"/>
  <testcase classname="dataDrivenApproach.DataProvideConcept" name="regTest" time="1.527"/>
  <testcase classname="dataDrivenApproach.DataProvideConcept" name="regTest" time="0.268"/>
  <testcase classname="dataDrivenApproach.DataProvideConcept" name="regTest" time="0.144"/>
  <testcase classname="dataDrivenApproach.DataProvideConcept" name="regTest" time="0.324"/>
  <testcase classname="dataDrivenApproach.DataProvideConcept" name="regTest" time="0.177"/>
  <testcase classname="dataDrivenApproach.DataProvideConcept" name="regTest" time="0.491"/>
  <testcase classname="dataDrivenApproach.DataProvideConcept" name="regTest" time="0.156"/>
  <testcase classname="dataDrivenApproach.DataProvideConcept" name="regTest" time="0.183"/>
  <testcase classname="dataDrivenApproach.DataProvideConcept" name="regTest" time="0.243"/>
  <testcase classname="dataDrivenApproach.DataProvideConcept" name="regTest" time="0.397"/>
  <testcase classname="dataDrivenApproach.DataProvideConcept" name="regTest" time="0.162"/>
  <testcase classname="dataDrivenApproach.DataProvideConcept" name="regTest" time="0.184"/>
  <testcase classname="dataDrivenApproach.DataProvideConcept" name="regTest" time="0.179"/>
  <testcase classname="dataDrivenApproach.DataProvideConcept" name="regTest" time="0.639"/>
  <testcase classname="dataDrivenApproach.DataProvideConcept" name="regTest" time="0.153"/>
  <testcase classname="dataDrivenApproach.DataProvideConcept" name="regTest" time="0.321"/>
  <testcase classname="dataDrivenApproach.DataProvideConcept" name="regTest" time="0.322"/>
  <testcase classname="dataDrivenApproach.DataProvideConcept" name="regTest" time="0.213"/>
  <testcase classname="dataDrivenApproach.DataProvideConcept" name="regTest" time="0.182"/>
  <testcase classname="dataDrivenApproach.DataProvideConcept" name="regTest" time="0.377"/>
  <testcase classname="dataDrivenApproach.DataProvideConcept" name="regTest" time="0.219"/>
  <testcase classname="dataDrivenApproach.DataProvideConcept" name="regTest" time="0.224"/>
  <testcase classname="dataDrivenApproach.DataProvideConcept" name="regTest" time="0.213"/>
  <testcase classname="dataDrivenApproach.DataProvideConcept" name="regTest" time="0.136"/>
  <testcase classname="dataDrivenApproach.DataProvideConcept" name="regTest" time="0.22"/>
  <testcase classname="dataDrivenApproach.DataProvideConcept" name="regTest" time="0.159"/>
</testsuite> <!-- Default test -->
