<?xml version="1.0" encoding="UTF-8"?>
<testng-results ignored="0" total="3" passed="3" failed="0" skipped="0">
  <reporter-output>
  </reporter-output>
  <suite started-at="2019-01-14T04:23:17Z" name="Default suite" finished-at="2019-01-14T04:23:46Z" duration-ms="29173">
    <groups>
    </groups>
    <test started-at="2019-01-14T04:23:17Z" name="Default test" finished-at="2019-01-14T04:23:46Z" duration-ms="29173">
      <class name="testNGBasics.ParameterInTestNG">
        <test-method signature="openGmail(java.lang.String)[pri:0, instance:testNGBasics.ParameterInTestNG@1f59a598]" started-at="2019-01-14T04:23:17Z" name="openGmail" finished-at="2019-01-14T04:23:25Z" duration-ms="8042" status="PASS">
          <params>
            <param index="0">
              <value>
                <![CDATA[https://www.google.com]]>
              </value>
            </param>
          </params>
          <reporter-output>
          </reporter-output>
        </test-method> <!-- openGmail -->
        <test-method is-config="true" signature="tearDown()[pri:0, instance:testNGBasics.ParameterInTestNG@1f59a598]" started-at="2019-01-14T04:23:25Z" name="tearDown" finished-at="2019-01-14T04:23:26Z" duration-ms="1198" status="PASS">
          <reporter-output>
          </reporter-output>
        </test-method> <!-- tearDown -->
        <test-method signature="startBrowser(java.lang.String, java.lang.String)[pri:0, instance:testNGBasics.ParameterInTestNG@1f59a598]" started-at="2019-01-14T04:23:26Z" name="startBrowser" finished-at="2019-01-14T04:23:31Z" duration-ms="5258" status="PASS">
          <params>
            <param index="0">
              <value>
                <![CDATA[firefox]]>
              </value>
            </param>
            <param index="1">
              <value>
                <![CDATA[https://www.google.com]]>
              </value>
            </param>
          </params>
          <reporter-output>
          </reporter-output>
        </test-method> <!-- startBrowser -->
        <test-method is-config="true" signature="tearDown()[pri:0, instance:testNGBasics.ParameterInTestNG@1f59a598]" started-at="2019-01-14T04:23:31Z" name="tearDown" finished-at="2019-01-14T04:23:33Z" duration-ms="1561" status="PASS">
          <reporter-output>
          </reporter-output>
        </test-method> <!-- tearDown -->
        <test-method signature="enterUserID(java.lang.String, java.lang.String, java.lang.String)[pri:0, instance:testNGBasics.ParameterInTestNG@1f59a598]" started-at="2019-01-14T04:23:33Z" name="enterUserID" finished-at="2019-01-14T04:23:44Z" depends-on-methods="testNGBasics.ParameterInTestNG.openGmail" duration-ms="11729" status="PASS">
          <params>
            <param index="0">
              <value>
                <![CDATA[firefox]]>
              </value>
            </param>
            <param index="1">
              <value>
                <![CDATA[https://www.google.com]]>
              </value>
            </param>
            <param index="2">
              <value>
                <![CDATA[manish.uit.bu]]>
              </value>
            </param>
          </params>
          <reporter-output>
          </reporter-output>
        </test-method> <!-- enterUserID -->
        <test-method is-config="true" signature="tearDown()[pri:0, instance:testNGBasics.ParameterInTestNG@1f59a598]" started-at="2019-01-14T04:23:44Z" name="tearDown" finished-at="2019-01-14T04:23:46Z" duration-ms="1360" status="PASS">
          <reporter-output>
          </reporter-output>
        </test-method> <!-- tearDown -->
      </class> <!-- testNGBasics.ParameterInTestNG -->
    </test> <!-- Default test -->
  </suite> <!-- Default suite -->
</testng-results>
