<?xml version="1.0" encoding="UTF-8"?>
<testng-results ignored="0" total="31" passed="31" failed="0" skipped="0">
  <reporter-output>
  </reporter-output>
  <suite started-at="2019-01-28T18:50:40Z" name="Default suite" finished-at="2019-01-28T18:57:30Z" duration-ms="409526">
    <groups>
    </groups>
    <test started-at="2019-01-28T18:50:40Z" name="Default test" finished-at="2019-01-28T18:57:30Z" duration-ms="409526">
      <class name="dataDrivenApproach.DataProvideConcept">
        <test-method is-config="true" signature="initialMethod()[pri:0, instance:dataDrivenApproach.DataProvideConcept@2898ac89]" started-at="2019-01-28T18:50:42Z" name="initialMethod" finished-at="2019-01-28T18:50:55Z" duration-ms="12914" status="PASS">
          <reporter-output>
          </reporter-output>
        </test-method> <!-- initialMethod -->
        <test-method signature="regTest(java.lang.String, java.lang.String)[pri:0, instance:dataDrivenApproach.DataProvideConcept@2898ac89]" started-at="2019-01-28T18:50:55Z" name="regTest" data-provider="getTestData" finished-at="2019-01-28T18:50:56Z" duration-ms="534" status="PASS">
          <params>
            <param index="0">
              <value>
                <![CDATA[msingh904]]>
              </value>
            </param>
            <param index="1">
              <value>
                <![CDATA[password1]]>
              </value>
            </param>
          </params>
          <reporter-output>
          </reporter-output>
        </test-method> <!-- regTest -->
        <test-method is-config="true" signature="tearDown()[pri:0, instance:dataDrivenApproach.DataProvideConcept@2898ac89]" started-at="2019-01-28T18:50:56Z" name="tearDown" finished-at="2019-01-28T18:50:57Z" duration-ms="1176" status="PASS">
          <reporter-output>
          </reporter-output>
        </test-method> <!-- tearDown -->
        <test-method is-config="true" signature="initialMethod()[pri:0, instance:dataDrivenApproach.DataProvideConcept@2898ac89]" started-at="2019-01-28T18:50:57Z" name="initialMethod" finished-at="2019-01-28T18:51:08Z" duration-ms="11313" status="PASS">
          <reporter-output>
          </reporter-output>
        </test-method> <!-- initialMethod -->
        <test-method signature="regTest(java.lang.String, java.lang.String)[pri:0, instance:dataDrivenApproach.DataProvideConcept@2898ac89]" started-at="2019-01-28T18:51:08Z" name="regTest" data-provider="getTestData" finished-at="2019-01-28T18:51:08Z" duration-ms="261" status="PASS">
          <params>
            <param index="0">
              <value>
                <![CDATA[msingh905]]>
              </value>
            </param>
            <param index="1">
              <value>
                <![CDATA[password2]]>
              </value>
            </param>
          </params>
          <reporter-output>
          </reporter-output>
        </test-method> <!-- regTest -->
        <test-method is-config="true" signature="tearDown()[pri:0, instance:dataDrivenApproach.DataProvideConcept@2898ac89]" started-at="2019-01-28T18:51:08Z" name="tearDown" finished-at="2019-01-28T18:51:09Z" duration-ms="1136" status="PASS">
          <reporter-output>
          </reporter-output>
        </test-method> <!-- tearDown -->
        <test-method is-config="true" signature="initialMethod()[pri:0, instance:dataDrivenApproach.DataProvideConcept@2898ac89]" started-at="2019-01-28T18:51:09Z" name="initialMethod" finished-at="2019-01-28T18:51:21Z" duration-ms="11561" status="PASS">
          <reporter-output>
          </reporter-output>
        </test-method> <!-- initialMethod -->
        <test-method signature="regTest(java.lang.String, java.lang.String)[pri:0, instance:dataDrivenApproach.DataProvideConcept@2898ac89]" started-at="2019-01-28T18:51:21Z" name="regTest" data-provider="getTestData" finished-at="2019-01-28T18:51:21Z" duration-ms="258" status="PASS">
          <params>
            <param index="0">
              <value>
                <![CDATA[msingh906]]>
              </value>
            </param>
            <param index="1">
              <value>
                <![CDATA[password3]]>
              </value>
            </param>
          </params>
          <reporter-output>
          </reporter-output>
        </test-method> <!-- regTest -->
        <test-method is-config="true" signature="tearDown()[pri:0, instance:dataDrivenApproach.DataProvideConcept@2898ac89]" started-at="2019-01-28T18:51:21Z" name="tearDown" finished-at="2019-01-28T18:51:22Z" duration-ms="1202" status="PASS">
          <reporter-output>
          </reporter-output>
        </test-method> <!-- tearDown -->
        <test-method is-config="true" signature="initialMethod()[pri:0, instance:dataDrivenApproach.DataProvideConcept@2898ac89]" started-at="2019-01-28T18:51:22Z" name="initialMethod" finished-at="2019-01-28T18:51:32Z" duration-ms="9909" status="PASS">
          <reporter-output>
          </reporter-output>
        </test-method> <!-- initialMethod -->
        <test-method signature="regTest(java.lang.String, java.lang.String)[pri:0, instance:dataDrivenApproach.DataProvideConcept@2898ac89]" started-at="2019-01-28T18:51:32Z" name="regTest" data-provider="getTestData" finished-at="2019-01-28T18:51:33Z" duration-ms="725" status="PASS">
          <params>
            <param index="0">
              <value>
                <![CDATA[msingh907]]>
              </value>
            </param>
            <param index="1">
              <value>
                <![CDATA[password4]]>
              </value>
            </param>
          </params>
          <reporter-output>
          </reporter-output>
        </test-method> <!-- regTest -->
        <test-method is-config="true" signature="tearDown()[pri:0, instance:dataDrivenApproach.DataProvideConcept@2898ac89]" started-at="2019-01-28T18:51:33Z" name="tearDown" finished-at="2019-01-28T18:51:34Z" duration-ms="1138" status="PASS">
          <reporter-output>
          </reporter-output>
        </test-method> <!-- tearDown -->
        <test-method is-config="true" signature="initialMethod()[pri:0, instance:dataDrivenApproach.DataProvideConcept@2898ac89]" started-at="2019-01-28T18:51:34Z" name="initialMethod" finished-at="2019-01-28T18:51:46Z" duration-ms="11982" status="PASS">
          <reporter-output>
          </reporter-output>
        </test-method> <!-- initialMethod -->
        <test-method signature="regTest(java.lang.String, java.lang.String)[pri:0, instance:dataDrivenApproach.DataProvideConcept@2898ac89]" started-at="2019-01-28T18:51:46Z" name="regTest" data-provider="getTestData" finished-at="2019-01-28T18:51:46Z" duration-ms="137" status="PASS">
          <params>
            <param index="0">
              <value>
                <![CDATA[msingh908]]>
              </value>
            </param>
            <param index="1">
              <value>
                <![CDATA[password5]]>
              </value>
            </param>
          </params>
          <reporter-output>
          </reporter-output>
        </test-method> <!-- regTest -->
        <test-method is-config="true" signature="tearDown()[pri:0, instance:dataDrivenApproach.DataProvideConcept@2898ac89]" started-at="2019-01-28T18:51:46Z" name="tearDown" finished-at="2019-01-28T18:51:48Z" duration-ms="1330" status="PASS">
          <reporter-output>
          </reporter-output>
        </test-method> <!-- tearDown -->
        <test-method is-config="true" signature="initialMethod()[pri:0, instance:dataDrivenApproach.DataProvideConcept@2898ac89]" started-at="2019-01-28T18:51:48Z" name="initialMethod" finished-at="2019-01-28T18:51:58Z" duration-ms="10091" status="PASS">
          <reporter-output>
          </reporter-output>
        </test-method> <!-- initialMethod -->
        <test-method signature="regTest(java.lang.String, java.lang.String)[pri:0, instance:dataDrivenApproach.DataProvideConcept@2898ac89]" started-at="2019-01-28T18:51:58Z" name="regTest" data-provider="getTestData" finished-at="2019-01-28T18:51:59Z" duration-ms="1527" status="PASS">
          <params>
            <param index="0">
              <value>
                <![CDATA[msingh909]]>
              </value>
            </param>
            <param index="1">
              <value>
                <![CDATA[password6]]>
              </value>
            </param>
          </params>
          <reporter-output>
          </reporter-output>
        </test-method> <!-- regTest -->
        <test-method is-config="true" signature="tearDown()[pri:0, instance:dataDrivenApproach.DataProvideConcept@2898ac89]" started-at="2019-01-28T18:51:59Z" name="tearDown" finished-at="2019-01-28T18:52:00Z" duration-ms="1159" status="PASS">
          <reporter-output>
          </reporter-output>
        </test-method> <!-- tearDown -->
        <test-method is-config="true" signature="initialMethod()[pri:0, instance:dataDrivenApproach.DataProvideConcept@2898ac89]" started-at="2019-01-28T18:52:00Z" name="initialMethod" finished-at="2019-01-28T18:52:12Z" duration-ms="11529" status="PASS">
          <reporter-output>
          </reporter-output>
        </test-method> <!-- initialMethod -->
        <test-method signature="regTest(java.lang.String, java.lang.String)[pri:0, instance:dataDrivenApproach.DataProvideConcept@2898ac89]" started-at="2019-01-28T18:52:12Z" name="regTest" data-provider="getTestData" finished-at="2019-01-28T18:52:12Z" duration-ms="268" status="PASS">
          <params>
            <param index="0">
              <value>
                <![CDATA[msingh910]]>
              </value>
            </param>
            <param index="1">
              <value>
                <![CDATA[password7]]>
              </value>
            </param>
          </params>
          <reporter-output>
          </reporter-output>
        </test-method> <!-- regTest -->
        <test-method is-config="true" signature="tearDown()[pri:0, instance:dataDrivenApproach.DataProvideConcept@2898ac89]" started-at="2019-01-28T18:52:12Z" name="tearDown" finished-at="2019-01-28T18:52:14Z" duration-ms="1402" status="PASS">
          <reporter-output>
          </reporter-output>
        </test-method> <!-- tearDown -->
        <test-method is-config="true" signature="initialMethod()[pri:0, instance:dataDrivenApproach.DataProvideConcept@2898ac89]" started-at="2019-01-28T18:52:14Z" name="initialMethod" finished-at="2019-01-28T18:52:25Z" duration-ms="11728" status="PASS">
          <reporter-output>
          </reporter-output>
        </test-method> <!-- initialMethod -->
        <test-method signature="regTest(java.lang.String, java.lang.String)[pri:0, instance:dataDrivenApproach.DataProvideConcept@2898ac89]" started-at="2019-01-28T18:52:25Z" name="regTest" data-provider="getTestData" finished-at="2019-01-28T18:52:26Z" duration-ms="144" status="PASS">
          <params>
            <param index="0">
              <value>
                <![CDATA[msingh911]]>
              </value>
            </param>
            <param index="1">
              <value>
                <![CDATA[password8]]>
              </value>
            </param>
          </params>
          <reporter-output>
          </reporter-output>
        </test-method> <!-- regTest -->
        <test-method is-config="true" signature="tearDown()[pri:0, instance:dataDrivenApproach.DataProvideConcept@2898ac89]" started-at="2019-01-28T18:52:26Z" name="tearDown" finished-at="2019-01-28T18:52:27Z" duration-ms="1207" status="PASS">
          <reporter-output>
          </reporter-output>
        </test-method> <!-- tearDown -->
        <test-method is-config="true" signature="initialMethod()[pri:0, instance:dataDrivenApproach.DataProvideConcept@2898ac89]" started-at="2019-01-28T18:52:27Z" name="initialMethod" finished-at="2019-01-28T18:52:38Z" duration-ms="11423" status="PASS">
          <reporter-output>
          </reporter-output>
        </test-method> <!-- initialMethod -->
        <test-method signature="regTest(java.lang.String, java.lang.String)[pri:0, instance:dataDrivenApproach.DataProvideConcept@2898ac89]" started-at="2019-01-28T18:52:38Z" name="regTest" data-provider="getTestData" finished-at="2019-01-28T18:52:38Z" duration-ms="324" status="PASS">
          <params>
            <param index="0">
              <value>
                <![CDATA[msingh912]]>
              </value>
            </param>
            <param index="1">
              <value>
                <![CDATA[password9]]>
              </value>
            </param>
          </params>
          <reporter-output>
          </reporter-output>
        </test-method> <!-- regTest -->
        <test-method is-config="true" signature="tearDown()[pri:0, instance:dataDrivenApproach.DataProvideConcept@2898ac89]" started-at="2019-01-28T18:52:38Z" name="tearDown" finished-at="2019-01-28T18:52:40Z" duration-ms="1152" status="PASS">
          <reporter-output>
          </reporter-output>
        </test-method> <!-- tearDown -->
        <test-method is-config="true" signature="initialMethod()[pri:0, instance:dataDrivenApproach.DataProvideConcept@2898ac89]" started-at="2019-01-28T18:52:40Z" name="initialMethod" finished-at="2019-01-28T18:52:54Z" duration-ms="13928" status="PASS">
          <reporter-output>
          </reporter-output>
        </test-method> <!-- initialMethod -->
        <test-method signature="regTest(java.lang.String, java.lang.String)[pri:0, instance:dataDrivenApproach.DataProvideConcept@2898ac89]" started-at="2019-01-28T18:52:54Z" name="regTest" data-provider="getTestData" finished-at="2019-01-28T18:52:54Z" duration-ms="177" status="PASS">
          <params>
            <param index="0">
              <value>
                <![CDATA[msingh913]]>
              </value>
            </param>
            <param index="1">
              <value>
                <![CDATA[password10]]>
              </value>
            </param>
          </params>
          <reporter-output>
          </reporter-output>
        </test-method> <!-- regTest -->
        <test-method is-config="true" signature="tearDown()[pri:0, instance:dataDrivenApproach.DataProvideConcept@2898ac89]" started-at="2019-01-28T18:52:54Z" name="tearDown" finished-at="2019-01-28T18:52:55Z" duration-ms="1338" status="PASS">
          <reporter-output>
          </reporter-output>
        </test-method> <!-- tearDown -->
        <test-method is-config="true" signature="initialMethod()[pri:0, instance:dataDrivenApproach.DataProvideConcept@2898ac89]" started-at="2019-01-28T18:52:55Z" name="initialMethod" finished-at="2019-01-28T18:53:06Z" duration-ms="10857" status="PASS">
          <reporter-output>
          </reporter-output>
        </test-method> <!-- initialMethod -->
        <test-method signature="regTest(java.lang.String, java.lang.String)[pri:0, instance:dataDrivenApproach.DataProvideConcept@2898ac89]" started-at="2019-01-28T18:53:06Z" name="regTest" data-provider="getTestData" finished-at="2019-01-28T18:53:06Z" duration-ms="491" status="PASS">
          <params>
            <param index="0">
              <value>
                <![CDATA[msingh914]]>
              </value>
            </param>
            <param index="1">
              <value>
                <![CDATA[password11]]>
              </value>
            </param>
          </params>
          <reporter-output>
          </reporter-output>
        </test-method> <!-- regTest -->
        <test-method is-config="true" signature="tearDown()[pri:0, instance:dataDrivenApproach.DataProvideConcept@2898ac89]" started-at="2019-01-28T18:53:06Z" name="tearDown" finished-at="2019-01-28T18:53:08Z" duration-ms="1169" status="PASS">
          <reporter-output>
          </reporter-output>
        </test-method> <!-- tearDown -->
        <test-method is-config="true" signature="initialMethod()[pri:0, instance:dataDrivenApproach.DataProvideConcept@2898ac89]" started-at="2019-01-28T18:53:08Z" name="initialMethod" finished-at="2019-01-28T18:53:18Z" duration-ms="10201" status="PASS">
          <reporter-output>
          </reporter-output>
        </test-method> <!-- initialMethod -->
        <test-method signature="regTest(java.lang.String, java.lang.String)[pri:0, instance:dataDrivenApproach.DataProvideConcept@2898ac89]" started-at="2019-01-28T18:53:18Z" name="regTest" data-provider="getTestData" finished-at="2019-01-28T18:53:18Z" duration-ms="156" status="PASS">
          <params>
            <param index="0">
              <value>
                <![CDATA[msingh915]]>
              </value>
            </param>
            <param index="1">
              <value>
                <![CDATA[password12]]>
              </value>
            </param>
          </params>
          <reporter-output>
          </reporter-output>
        </test-method> <!-- regTest -->
        <test-method is-config="true" signature="tearDown()[pri:0, instance:dataDrivenApproach.DataProvideConcept@2898ac89]" started-at="2019-01-28T18:53:18Z" name="tearDown" finished-at="2019-01-28T18:53:19Z" duration-ms="1433" status="PASS">
          <reporter-output>
          </reporter-output>
        </test-method> <!-- tearDown -->
        <test-method is-config="true" signature="initialMethod()[pri:0, instance:dataDrivenApproach.DataProvideConcept@2898ac89]" started-at="2019-01-28T18:53:19Z" name="initialMethod" finished-at="2019-01-28T18:53:31Z" duration-ms="11865" status="PASS">
          <reporter-output>
          </reporter-output>
        </test-method> <!-- initialMethod -->
        <test-method signature="regTest(java.lang.String, java.lang.String)[pri:0, instance:dataDrivenApproach.DataProvideConcept@2898ac89]" started-at="2019-01-28T18:53:31Z" name="regTest" data-provider="getTestData" finished-at="2019-01-28T18:53:31Z" duration-ms="183" status="PASS">
          <params>
            <param index="0">
              <value>
                <![CDATA[msingh916]]>
              </value>
            </param>
            <param index="1">
              <value>
                <![CDATA[password13]]>
              </value>
            </param>
          </params>
          <reporter-output>
          </reporter-output>
        </test-method> <!-- regTest -->
        <test-method is-config="true" signature="tearDown()[pri:0, instance:dataDrivenApproach.DataProvideConcept@2898ac89]" started-at="2019-01-28T18:53:31Z" name="tearDown" finished-at="2019-01-28T18:53:33Z" duration-ms="1284" status="PASS">
          <reporter-output>
          </reporter-output>
        </test-method> <!-- tearDown -->
        <test-method is-config="true" signature="initialMethod()[pri:0, instance:dataDrivenApproach.DataProvideConcept@2898ac89]" started-at="2019-01-28T18:53:33Z" name="initialMethod" finished-at="2019-01-28T18:53:43Z" duration-ms="10546" status="PASS">
          <reporter-output>
          </reporter-output>
        </test-method> <!-- initialMethod -->
        <test-method signature="regTest(java.lang.String, java.lang.String)[pri:0, instance:dataDrivenApproach.DataProvideConcept@2898ac89]" started-at="2019-01-28T18:53:43Z" name="regTest" data-provider="getTestData" finished-at="2019-01-28T18:53:43Z" duration-ms="243" status="PASS">
          <params>
            <param index="0">
              <value>
                <![CDATA[msingh917]]>
              </value>
            </param>
            <param index="1">
              <value>
                <![CDATA[password14]]>
              </value>
            </param>
          </params>
          <reporter-output>
          </reporter-output>
        </test-method> <!-- regTest -->
        <test-method is-config="true" signature="tearDown()[pri:0, instance:dataDrivenApproach.DataProvideConcept@2898ac89]" started-at="2019-01-28T18:53:43Z" name="tearDown" finished-at="2019-01-28T18:53:45Z" duration-ms="1307" status="PASS">
          <reporter-output>
          </reporter-output>
        </test-method> <!-- tearDown -->
        <test-method is-config="true" signature="initialMethod()[pri:0, instance:dataDrivenApproach.DataProvideConcept@2898ac89]" started-at="2019-01-28T18:53:45Z" name="initialMethod" finished-at="2019-01-28T18:53:54Z" duration-ms="9212" status="PASS">
          <reporter-output>
          </reporter-output>
        </test-method> <!-- initialMethod -->
        <test-method signature="regTest(java.lang.String, java.lang.String)[pri:0, instance:dataDrivenApproach.DataProvideConcept@2898ac89]" started-at="2019-01-28T18:53:54Z" name="regTest" data-provider="getTestData" finished-at="2019-01-28T18:53:54Z" duration-ms="397" status="PASS">
          <params>
            <param index="0">
              <value>
                <![CDATA[msingh918]]>
              </value>
            </param>
            <param index="1">
              <value>
                <![CDATA[password15]]>
              </value>
            </param>
          </params>
          <reporter-output>
          </reporter-output>
        </test-method> <!-- regTest -->
        <test-method is-config="true" signature="tearDown()[pri:0, instance:dataDrivenApproach.DataProvideConcept@2898ac89]" started-at="2019-01-28T18:53:54Z" name="tearDown" finished-at="2019-01-28T18:53:56Z" duration-ms="1159" status="PASS">
          <reporter-output>
          </reporter-output>
        </test-method> <!-- tearDown -->
        <test-method is-config="true" signature="initialMethod()[pri:0, instance:dataDrivenApproach.DataProvideConcept@2898ac89]" started-at="2019-01-28T18:53:56Z" name="initialMethod" finished-at="2019-01-28T18:54:07Z" duration-ms="10969" status="PASS">
          <reporter-output>
          </reporter-output>
        </test-method> <!-- initialMethod -->
        <test-method signature="regTest(java.lang.String, java.lang.String)[pri:0, instance:dataDrivenApproach.DataProvideConcept@2898ac89]" started-at="2019-01-28T18:54:07Z" name="regTest" data-provider="getTestData" finished-at="2019-01-28T18:54:07Z" duration-ms="162" status="PASS">
          <params>
            <param index="0">
              <value>
                <![CDATA[msingh919]]>
              </value>
            </param>
            <param index="1">
              <value>
                <![CDATA[password16]]>
              </value>
            </param>
          </params>
          <reporter-output>
          </reporter-output>
        </test-method> <!-- regTest -->
        <test-method is-config="true" signature="tearDown()[pri:0, instance:dataDrivenApproach.DataProvideConcept@2898ac89]" started-at="2019-01-28T18:54:07Z" name="tearDown" finished-at="2019-01-28T18:54:08Z" duration-ms="1409" status="PASS">
          <reporter-output>
          </reporter-output>
        </test-method> <!-- tearDown -->
        <test-method is-config="true" signature="initialMethod()[pri:0, instance:dataDrivenApproach.DataProvideConcept@2898ac89]" started-at="2019-01-28T18:54:08Z" name="initialMethod" finished-at="2019-01-28T18:54:22Z" duration-ms="14194" status="PASS">
          <reporter-output>
          </reporter-output>
        </test-method> <!-- initialMethod -->
        <test-method signature="regTest(java.lang.String, java.lang.String)[pri:0, instance:dataDrivenApproach.DataProvideConcept@2898ac89]" started-at="2019-01-28T18:54:22Z" name="regTest" data-provider="getTestData" finished-at="2019-01-28T18:54:22Z" duration-ms="184" status="PASS">
          <params>
            <param index="0">
              <value>
                <![CDATA[msingh920]]>
              </value>
            </param>
            <param index="1">
              <value>
                <![CDATA[password17]]>
              </value>
            </param>
          </params>
          <reporter-output>
          </reporter-output>
        </test-method> <!-- regTest -->
        <test-method is-config="true" signature="tearDown()[pri:0, instance:dataDrivenApproach.DataProvideConcept@2898ac89]" started-at="2019-01-28T18:54:22Z" name="tearDown" finished-at="2019-01-28T18:54:24Z" duration-ms="1193" status="PASS">
          <reporter-output>
          </reporter-output>
        </test-method> <!-- tearDown -->
        <test-method is-config="true" signature="initialMethod()[pri:0, instance:dataDrivenApproach.DataProvideConcept@2898ac89]" started-at="2019-01-28T18:54:24Z" name="initialMethod" finished-at="2019-01-28T18:54:34Z" duration-ms="10601" status="PASS">
          <reporter-output>
          </reporter-output>
        </test-method> <!-- initialMethod -->
        <test-method signature="regTest(java.lang.String, java.lang.String)[pri:0, instance:dataDrivenApproach.DataProvideConcept@2898ac89]" started-at="2019-01-28T18:54:34Z" name="regTest" data-provider="getTestData" finished-at="2019-01-28T18:54:34Z" duration-ms="179" status="PASS">
          <params>
            <param index="0">
              <value>
                <![CDATA[msingh921]]>
              </value>
            </param>
            <param index="1">
              <value>
                <![CDATA[password18]]>
              </value>
            </param>
          </params>
          <reporter-output>
          </reporter-output>
        </test-method> <!-- regTest -->
        <test-method is-config="true" signature="tearDown()[pri:0, instance:dataDrivenApproach.DataProvideConcept@2898ac89]" started-at="2019-01-28T18:54:34Z" name="tearDown" finished-at="2019-01-28T18:54:36Z" duration-ms="1301" status="PASS">
          <reporter-output>
          </reporter-output>
        </test-method> <!-- tearDown -->
        <test-method is-config="true" signature="initialMethod()[pri:0, instance:dataDrivenApproach.DataProvideConcept@2898ac89]" started-at="2019-01-28T18:54:36Z" name="initialMethod" finished-at="2019-01-28T18:54:46Z" duration-ms="9907" status="PASS">
          <reporter-output>
          </reporter-output>
        </test-method> <!-- initialMethod -->
        <test-method signature="regTest(java.lang.String, java.lang.String)[pri:0, instance:dataDrivenApproach.DataProvideConcept@2898ac89]" started-at="2019-01-28T18:54:46Z" name="regTest" data-provider="getTestData" finished-at="2019-01-28T18:54:46Z" duration-ms="639" status="PASS">
          <params>
            <param index="0">
              <value>
                <![CDATA[msingh922]]>
              </value>
            </param>
            <param index="1">
              <value>
                <![CDATA[password19]]>
              </value>
            </param>
          </params>
          <reporter-output>
          </reporter-output>
        </test-method> <!-- regTest -->
        <test-method is-config="true" signature="tearDown()[pri:0, instance:dataDrivenApproach.DataProvideConcept@2898ac89]" started-at="2019-01-28T18:54:46Z" name="tearDown" finished-at="2019-01-28T18:54:48Z" duration-ms="1379" status="PASS">
          <reporter-output>
          </reporter-output>
        </test-method> <!-- tearDown -->
        <test-method is-config="true" signature="initialMethod()[pri:0, instance:dataDrivenApproach.DataProvideConcept@2898ac89]" started-at="2019-01-28T18:54:48Z" name="initialMethod" finished-at="2019-01-28T18:55:02Z" duration-ms="14024" status="PASS">
          <reporter-output>
          </reporter-output>
        </test-method> <!-- initialMethod -->
        <test-method signature="regTest(java.lang.String, java.lang.String)[pri:0, instance:dataDrivenApproach.DataProvideConcept@2898ac89]" started-at="2019-01-28T18:55:02Z" name="regTest" data-provider="getTestData" finished-at="2019-01-28T18:55:02Z" duration-ms="153" status="PASS">
          <params>
            <param index="0">
              <value>
                <![CDATA[msingh923]]>
              </value>
            </param>
            <param index="1">
              <value>
                <![CDATA[password20]]>
              </value>
            </param>
          </params>
          <reporter-output>
          </reporter-output>
        </test-method> <!-- regTest -->
        <test-method is-config="true" signature="tearDown()[pri:0, instance:dataDrivenApproach.DataProvideConcept@2898ac89]" started-at="2019-01-28T18:55:02Z" name="tearDown" finished-at="2019-01-28T18:55:03Z" duration-ms="1406" status="PASS">
          <reporter-output>
          </reporter-output>
        </test-method> <!-- tearDown -->
        <test-method is-config="true" signature="initialMethod()[pri:0, instance:dataDrivenApproach.DataProvideConcept@2898ac89]" started-at="2019-01-28T18:55:03Z" name="initialMethod" finished-at="2019-01-28T18:55:14Z" duration-ms="10879" status="PASS">
          <reporter-output>
          </reporter-output>
        </test-method> <!-- initialMethod -->
        <test-method signature="regTest(java.lang.String, java.lang.String)[pri:0, instance:dataDrivenApproach.DataProvideConcept@2898ac89]" started-at="2019-01-28T18:55:14Z" name="regTest" data-provider="getTestData" finished-at="2019-01-28T18:55:14Z" duration-ms="321" status="PASS">
          <params>
            <param index="0">
              <value>
                <![CDATA[msingh924]]>
              </value>
            </param>
            <param index="1">
              <value>
                <![CDATA[password21]]>
              </value>
            </param>
          </params>
          <reporter-output>
          </reporter-output>
        </test-method> <!-- regTest -->
        <test-method is-config="true" signature="tearDown()[pri:0, instance:dataDrivenApproach.DataProvideConcept@2898ac89]" started-at="2019-01-28T18:55:14Z" name="tearDown" finished-at="2019-01-28T18:55:16Z" duration-ms="1644" status="PASS">
          <reporter-output>
          </reporter-output>
        </test-method> <!-- tearDown -->
        <test-method is-config="true" signature="initialMethod()[pri:0, instance:dataDrivenApproach.DataProvideConcept@2898ac89]" started-at="2019-01-28T18:55:16Z" name="initialMethod" finished-at="2019-01-28T18:55:28Z" duration-ms="12004" status="PASS">
          <reporter-output>
          </reporter-output>
        </test-method> <!-- initialMethod -->
        <test-method signature="regTest(java.lang.String, java.lang.String)[pri:0, instance:dataDrivenApproach.DataProvideConcept@2898ac89]" started-at="2019-01-28T18:55:28Z" name="regTest" data-provider="getTestData" finished-at="2019-01-28T18:55:28Z" duration-ms="322" status="PASS">
          <params>
            <param index="0">
              <value>
                <![CDATA[msingh925]]>
              </value>
            </param>
            <param index="1">
              <value>
                <![CDATA[password22]]>
              </value>
            </param>
          </params>
          <reporter-output>
          </reporter-output>
        </test-method> <!-- regTest -->
        <test-method is-config="true" signature="tearDown()[pri:0, instance:dataDrivenApproach.DataProvideConcept@2898ac89]" started-at="2019-01-28T18:55:28Z" name="tearDown" finished-at="2019-01-28T18:55:30Z" duration-ms="1172" status="PASS">
          <reporter-output>
          </reporter-output>
        </test-method> <!-- tearDown -->
        <test-method is-config="true" signature="initialMethod()[pri:0, instance:dataDrivenApproach.DataProvideConcept@2898ac89]" started-at="2019-01-28T18:55:30Z" name="initialMethod" finished-at="2019-01-28T18:55:44Z" duration-ms="14237" status="PASS">
          <reporter-output>
          </reporter-output>
        </test-method> <!-- initialMethod -->
        <test-method signature="regTest(java.lang.String, java.lang.String)[pri:0, instance:dataDrivenApproach.DataProvideConcept@2898ac89]" started-at="2019-01-28T18:55:44Z" name="regTest" data-provider="getTestData" finished-at="2019-01-28T18:55:44Z" duration-ms="213" status="PASS">
          <params>
            <param index="0">
              <value>
                <![CDATA[msingh926]]>
              </value>
            </param>
            <param index="1">
              <value>
                <![CDATA[password23]]>
              </value>
            </param>
          </params>
          <reporter-output>
          </reporter-output>
        </test-method> <!-- regTest -->
        <test-method is-config="true" signature="tearDown()[pri:0, instance:dataDrivenApproach.DataProvideConcept@2898ac89]" started-at="2019-01-28T18:55:44Z" name="tearDown" finished-at="2019-01-28T18:55:46Z" duration-ms="1433" status="PASS">
          <reporter-output>
          </reporter-output>
        </test-method> <!-- tearDown -->
        <test-method is-config="true" signature="initialMethod()[pri:0, instance:dataDrivenApproach.DataProvideConcept@2898ac89]" started-at="2019-01-28T18:55:46Z" name="initialMethod" finished-at="2019-01-28T18:55:56Z" duration-ms="10795" status="PASS">
          <reporter-output>
          </reporter-output>
        </test-method> <!-- initialMethod -->
        <test-method signature="regTest(java.lang.String, java.lang.String)[pri:0, instance:dataDrivenApproach.DataProvideConcept@2898ac89]" started-at="2019-01-28T18:55:56Z" name="regTest" data-provider="getTestData" finished-at="2019-01-28T18:55:56Z" duration-ms="182" status="PASS">
          <params>
            <param index="0">
              <value>
                <![CDATA[msingh927]]>
              </value>
            </param>
            <param index="1">
              <value>
                <![CDATA[password24]]>
              </value>
            </param>
          </params>
          <reporter-output>
          </reporter-output>
        </test-method> <!-- regTest -->
        <test-method is-config="true" signature="tearDown()[pri:0, instance:dataDrivenApproach.DataProvideConcept@2898ac89]" started-at="2019-01-28T18:55:56Z" name="tearDown" finished-at="2019-01-28T18:55:58Z" duration-ms="1540" status="PASS">
          <reporter-output>
          </reporter-output>
        </test-method> <!-- tearDown -->
        <test-method is-config="true" signature="initialMethod()[pri:0, instance:dataDrivenApproach.DataProvideConcept@2898ac89]" started-at="2019-01-28T18:55:58Z" name="initialMethod" finished-at="2019-01-28T18:56:10Z" duration-ms="11749" status="PASS">
          <reporter-output>
          </reporter-output>
        </test-method> <!-- initialMethod -->
        <test-method signature="regTest(java.lang.String, java.lang.String)[pri:0, instance:dataDrivenApproach.DataProvideConcept@2898ac89]" started-at="2019-01-28T18:56:10Z" name="regTest" data-provider="getTestData" finished-at="2019-01-28T18:56:10Z" duration-ms="377" status="PASS">
          <params>
            <param index="0">
              <value>
                <![CDATA[msingh928]]>
              </value>
            </param>
            <param index="1">
              <value>
                <![CDATA[password25]]>
              </value>
            </param>
          </params>
          <reporter-output>
          </reporter-output>
        </test-method> <!-- regTest -->
        <test-method is-config="true" signature="tearDown()[pri:0, instance:dataDrivenApproach.DataProvideConcept@2898ac89]" started-at="2019-01-28T18:56:10Z" name="tearDown" finished-at="2019-01-28T18:56:11Z" duration-ms="1236" status="PASS">
          <reporter-output>
          </reporter-output>
        </test-method> <!-- tearDown -->
        <test-method is-config="true" signature="initialMethod()[pri:0, instance:dataDrivenApproach.DataProvideConcept@2898ac89]" started-at="2019-01-28T18:56:11Z" name="initialMethod" finished-at="2019-01-28T18:56:22Z" duration-ms="10601" status="PASS">
          <reporter-output>
          </reporter-output>
        </test-method> <!-- initialMethod -->
        <test-method signature="regTest(java.lang.String, java.lang.String)[pri:0, instance:dataDrivenApproach.DataProvideConcept@2898ac89]" started-at="2019-01-28T18:56:22Z" name="regTest" data-provider="getTestData" finished-at="2019-01-28T18:56:22Z" duration-ms="219" status="PASS">
          <params>
            <param index="0">
              <value>
                <![CDATA[msingh929]]>
              </value>
            </param>
            <param index="1">
              <value>
                <![CDATA[password26]]>
              </value>
            </param>
          </params>
          <reporter-output>
          </reporter-output>
        </test-method> <!-- regTest -->
        <test-method is-config="true" signature="tearDown()[pri:0, instance:dataDrivenApproach.DataProvideConcept@2898ac89]" started-at="2019-01-28T18:56:22Z" name="tearDown" finished-at="2019-01-28T18:56:23Z" duration-ms="1201" status="PASS">
          <reporter-output>
          </reporter-output>
        </test-method> <!-- tearDown -->
        <test-method is-config="true" signature="initialMethod()[pri:0, instance:dataDrivenApproach.DataProvideConcept@2898ac89]" started-at="2019-01-28T18:56:23Z" name="initialMethod" finished-at="2019-01-28T18:56:33Z" duration-ms="9598" status="PASS">
          <reporter-output>
          </reporter-output>
        </test-method> <!-- initialMethod -->
        <test-method signature="regTest(java.lang.String, java.lang.String)[pri:0, instance:dataDrivenApproach.DataProvideConcept@2898ac89]" started-at="2019-01-28T18:56:33Z" name="regTest" data-provider="getTestData" finished-at="2019-01-28T18:56:33Z" duration-ms="224" status="PASS">
          <params>
            <param index="0">
              <value>
                <![CDATA[msingh930]]>
              </value>
            </param>
            <param index="1">
              <value>
                <![CDATA[password27]]>
              </value>
            </param>
          </params>
          <reporter-output>
          </reporter-output>
        </test-method> <!-- regTest -->
        <test-method is-config="true" signature="tearDown()[pri:0, instance:dataDrivenApproach.DataProvideConcept@2898ac89]" started-at="2019-01-28T18:56:33Z" name="tearDown" finished-at="2019-01-28T18:56:34Z" duration-ms="1143" status="PASS">
          <reporter-output>
          </reporter-output>
        </test-method> <!-- tearDown -->
        <test-method is-config="true" signature="initialMethod()[pri:0, instance:dataDrivenApproach.DataProvideConcept@2898ac89]" started-at="2019-01-28T18:56:34Z" name="initialMethod" finished-at="2019-01-28T18:56:46Z" duration-ms="11717" status="PASS">
          <reporter-output>
          </reporter-output>
        </test-method> <!-- initialMethod -->
        <test-method signature="regTest(java.lang.String, java.lang.String)[pri:0, instance:dataDrivenApproach.DataProvideConcept@2898ac89]" started-at="2019-01-28T18:56:46Z" name="regTest" data-provider="getTestData" finished-at="2019-01-28T18:56:46Z" duration-ms="213" status="PASS">
          <params>
            <param index="0">
              <value>
                <![CDATA[msingh931]]>
              </value>
            </param>
            <param index="1">
              <value>
                <![CDATA[password28]]>
              </value>
            </param>
          </params>
          <reporter-output>
          </reporter-output>
        </test-method> <!-- regTest -->
        <test-method is-config="true" signature="tearDown()[pri:0, instance:dataDrivenApproach.DataProvideConcept@2898ac89]" started-at="2019-01-28T18:56:46Z" name="tearDown" finished-at="2019-01-28T18:56:48Z" duration-ms="1231" status="PASS">
          <reporter-output>
          </reporter-output>
        </test-method> <!-- tearDown -->
        <test-method is-config="true" signature="initialMethod()[pri:0, instance:dataDrivenApproach.DataProvideConcept@2898ac89]" started-at="2019-01-28T18:56:48Z" name="initialMethod" finished-at="2019-01-28T18:56:59Z" duration-ms="11374" status="PASS">
          <reporter-output>
          </reporter-output>
        </test-method> <!-- initialMethod -->
        <test-method signature="regTest(java.lang.String, java.lang.String)[pri:0, instance:dataDrivenApproach.DataProvideConcept@2898ac89]" started-at="2019-01-28T18:56:59Z" name="regTest" data-provider="getTestData" finished-at="2019-01-28T18:56:59Z" duration-ms="136" status="PASS">
          <params>
            <param index="0">
              <value>
                <![CDATA[msingh932]]>
              </value>
            </param>
            <param index="1">
              <value>
                <![CDATA[password29]]>
              </value>
            </param>
          </params>
          <reporter-output>
          </reporter-output>
        </test-method> <!-- regTest -->
        <test-method is-config="true" signature="tearDown()[pri:0, instance:dataDrivenApproach.DataProvideConcept@2898ac89]" started-at="2019-01-28T18:56:59Z" name="tearDown" finished-at="2019-01-28T18:57:00Z" duration-ms="1190" status="PASS">
          <reporter-output>
          </reporter-output>
        </test-method> <!-- tearDown -->
        <test-method is-config="true" signature="initialMethod()[pri:0, instance:dataDrivenApproach.DataProvideConcept@2898ac89]" started-at="2019-01-28T18:57:00Z" name="initialMethod" finished-at="2019-01-28T18:57:12Z" duration-ms="12030" status="PASS">
          <reporter-output>
          </reporter-output>
        </test-method> <!-- initialMethod -->
        <test-method signature="regTest(java.lang.String, java.lang.String)[pri:0, instance:dataDrivenApproach.DataProvideConcept@2898ac89]" started-at="2019-01-28T18:57:12Z" name="regTest" data-provider="getTestData" finished-at="2019-01-28T18:57:12Z" duration-ms="220" status="PASS">
          <params>
            <param index="0">
              <value>
                <![CDATA[msingh933]]>
              </value>
            </param>
            <param index="1">
              <value>
                <![CDATA[password30]]>
              </value>
            </param>
          </params>
          <reporter-output>
          </reporter-output>
        </test-method> <!-- regTest -->
        <test-method is-config="true" signature="tearDown()[pri:0, instance:dataDrivenApproach.DataProvideConcept@2898ac89]" started-at="2019-01-28T18:57:12Z" name="tearDown" finished-at="2019-01-28T18:57:14Z" duration-ms="1406" status="PASS">
          <reporter-output>
          </reporter-output>
        </test-method> <!-- tearDown -->
        <test-method is-config="true" signature="initialMethod()[pri:0, instance:dataDrivenApproach.DataProvideConcept@2898ac89]" started-at="2019-01-28T18:57:14Z" name="initialMethod" finished-at="2019-01-28T18:57:28Z" duration-ms="14251" status="PASS">
          <reporter-output>
          </reporter-output>
        </test-method> <!-- initialMethod -->
        <test-method signature="regTest(java.lang.String, java.lang.String)[pri:0, instance:dataDrivenApproach.DataProvideConcept@2898ac89]" started-at="2019-01-28T18:57:28Z" name="regTest" data-provider="getTestData" finished-at="2019-01-28T18:57:28Z" duration-ms="159" status="PASS">
          <params>
            <param index="0">
              <value>
                <![CDATA[msingh934]]>
              </value>
            </param>
            <param index="1">
              <value>
                <![CDATA[password31]]>
              </value>
            </param>
          </params>
          <reporter-output>
          </reporter-output>
        </test-method> <!-- regTest -->
        <test-method is-config="true" signature="tearDown()[pri:0, instance:dataDrivenApproach.DataProvideConcept@2898ac89]" started-at="2019-01-28T18:57:28Z" name="tearDown" finished-at="2019-01-28T18:57:30Z" duration-ms="1300" status="PASS">
          <reporter-output>
          </reporter-output>
        </test-method> <!-- tearDown -->
      </class> <!-- dataDrivenApproach.DataProvideConcept -->
    </test> <!-- Default test -->
  </suite> <!-- Default suite -->
</testng-results>
