<?xml version="1.0" encoding="UTF-8"?>
<!-- Generated by org.testng.reporters.JUnitXMLReporter -->
<testsuite ignored="0" hostname="manish-singh" failures="0" tests="8" name="TestNG Features test" time="0.07" errors="0" timestamp="12 Jan 2019 14:50:16 GMT">
  <testcase classname="testNGBasics.TestNGFeatures" name="logInTest" time="0.005"/>
  <testcase classname="testNGBasics.TestNGFeatures" name="regPageTest" time="0.005"/>
  <testcase classname="testNGBasics.TestNGFeatures" name="regPageTest" time="0.002"/>
  <testcase classname="testNGBasics.TestNGFeatures" name="regPageTest" time="0.005"/>
  <testcase classname="testNGBasics.TestNGFeatures" name="regPageTest" time="0.003"/>
  <testcase classname="testNGBasics.TestNGFeatures" name="regPageTest" time="0.006"/>
  <testcase classname="testNGBasics.TestNGBasics" name="googleTitleTest" time="0.001"/>
  <testcase classname="testNGBasics.TestNGBasics" name="searchTest" time="0.001"/>
</testsuite> <!-- TestNG Features test -->
