<?xml version="1.0" encoding="UTF-8"?>
<!-- Generated by org.testng.reporters.JUnitXMLReporter -->
<testsuite ignored="0" hostname="manish-singh" failures="0" tests="10" name="Regression1" time="0.077" errors="0" timestamp="12 Jan 2019 14:43:32 GMT">
  <testcase classname="testNGBasics.TestNGFeatures" name="logInTest" time="0.004"/>
  <testcase classname="testNGBasics.TestNGFeatures" name="regPageTest" time="0.007"/>
  <testcase classname="testNGBasics.TestNGFeatures" name="regPageTest" time="0.003"/>
  <testcase classname="testNGBasics.TestNGFeatures" name="regPageTest" time="0.002"/>
  <testcase classname="testNGBasics.TestNGFeatures" name="regPageTest" time="0.002"/>
  <testcase classname="testNGBasics.TestNGFeatures" name="regPageTest" time="0.011"/>
  <testcase classname="testNGBasics.TestNGFeatures" name="homePageTest" time="0.001"/>
  <testcase classname="testNGBasics.TestNGFeatures" name="searchPageTest" time="0.001"/>
  <testcase classname="testNGBasics.TestNGBasics" name="googleTitleTest" time="0.001"/>
  <testcase classname="testNGBasics.TestNGBasics" name="searchTest" time="0.001"/>
</testsuite> <!-- Regression1 -->
